0 info it worked if it ends with ok
1 verbose cli [ 'C:\\Program Files\\nodejs\\node.exe',
1 verbose cli   'C:\\Program Files\\nodejs\\node_modules\\npm\\bin\\npm-cli.js',
1 verbose cli   'publish' ]
2 info using npm@2.14.2
3 info using node@v4.0.0
4 verbose publish [ '.' ]
5 silly cache add args [ '.', null ]
6 verbose cache add spec .
7 silly cache add parsed spec Result {
7 silly cache add   raw: '.',
7 silly cache add   scope: null,
7 silly cache add   name: null,
7 silly cache add   rawSpec: '.',
7 silly cache add   spec: 'D:\\personal\\generator-meanly',
7 silly cache add   type: 'directory' }
8 verbose addLocalDirectory C:\Users\bdorca\AppData\Roaming\npm-cache\generator-meanly\0.4.0\package.tgz not in flight; packing
9 verbose tar pack [ 'C:\\Users\\bdorca\\AppData\\Roaming\\npm-cache\\generator-meanly\\0.4.0\\package.tgz',
9 verbose tar pack   'D:\\personal\\generator-meanly' ]
10 verbose tarball C:\Users\bdorca\AppData\Roaming\npm-cache\generator-meanly\0.4.0\package.tgz
11 verbose folder D:\personal\generator-meanly
12 info prepublish generator-meanly@0.4.0
13 verbose addLocalTarball adding from inside cache C:\Users\bdorca\AppData\Roaming\npm-cache\generator-meanly\0.4.0\package.tgz
14 silly cache afterAdd generator-meanly@0.4.0
15 verbose afterAdd C:\Users\bdorca\AppData\Roaming\npm-cache\generator-meanly\0.4.0\package\package.json not in flight; writing
16 verbose afterAdd C:\Users\bdorca\AppData\Roaming\npm-cache\generator-meanly\0.4.0\package\package.json written
17 silly publish { name: 'generator-meanly',
17 silly publish   version: '0.4.0',
17 silly publish   description: 'MEAN stack project generator',
17 silly publish   main: 'index.js',
17 silly publish   scripts: { test: 'echo "Error: no test specified" && exit 1' },
17 silly publish   repository:
17 silly publish    { type: 'git',
17 silly publish      url: 'git+ssh://git@github.com/bogdandorca/generator-meanly.git' },
17 silly publish   keywords:
17 silly publish    [ 'MEAN',
17 silly publish      'mongo',
17 silly publish      'yeoman',
17 silly publish      'angular',
17 silly publish      'express',
17 silly publish      'node',
17 silly publish      'JavaScript',
17 silly publish      'Karma',
17 silly publish      'Gulp',
17 silly publish      'yeoman-generator',
17 silly publish      'yo' ],
17 silly publish   author: { name: 'Bogdan Dorca' },
17 silly publish   license: 'ISC',
17 silly publish   bugs: { url: 'https://github.com/bogdandorca/generator-meanly/issues' },
17 silly publish   homepage: 'https://github.com/bogdandorca/generator-meanly#readme',
17 silly publish   dependencies:
17 silly publish    { chalk: '^1.1.1',
17 silly publish      'yeoman-generator': '^0.20.3',
17 silly publish      yosay: '^1.0.5' },
17 silly publish   files: [ 'app' ],
17 silly publish   readme: '## MEANly\r\n\r\nMeanly is a Yeoman generator for creating MEAN stack applications, using AngularJS, MongoDB, Express and Node.\r\n\r\nYou can read more about this application and the API on our [wiki page](https://github.com/bogdandorca/generator-meanly/wiki).\r\n\r\n* [Home](https://github.com/bogdandorca/generator-meanly/wiki)\r\n* [Project Build](https://github.com/bogdandorca/generator-meanly/wiki/Project-Build)\r\n* [Project Structure](https://github.com/bogdandorca/generator-meanly/wiki/Project-Structure)\r\n* [Versions](https://github.com/bogdandorca/generator-meanly/wiki/History)\r\n\r\n## How to\r\n\r\n### Use the generator\r\n\r\nIn order to run the generator, you\'ll need:\r\n 1. Node - [Download](https://nodejs.org)\r\n 2. yo - *npm install -g yo*\r\n 3. bower - *npm install -g bower*\r\n 4. obviously, this generator - *npm install -g generator-meanly*\r\n<br /><br />\r\nHow to run the generator:\r\n 1. Navigate to the folder where you wish to generate the application\r\n 2. Run **yo meanly**\r\n 3. You will get a number of questions about which elements your wish to generate\r\n 4. After you answer the questions, the project structure will be generated and the dependencies installed\r\n\r\n### Run the project\r\n\r\nIn order to run the generated application you\'ll need:\r\n 1. Node ~v4.0.0 - [Download](https://nodejs.org)\r\n 2. Gulp - *npm install -g gulp*\r\n 3. MongoDB - [Download](https://mongodb.org)\r\n<br /><br />\r\nHow to run the application?\r\n 1. Install the dependencies mentioned above\r\n 2. Make sure the MongoDB server is running\r\n 3. Get the project files\r\n 4. Run **gulp** in your console\r\n 5. The port on which the application is running will be displayed in the console\r\n\r\nMore information about the *gulp* file and the *tasks* associated can be found on our [wiki page](https://github.com/bogdandorca/generator-meanly/wiki/Project).\r\n\r\n## Supported Configurations:\r\n\r\nClient:\r\n - Scripts: JavaScript\r\n - Markup: HTML\r\n - Stiling: CSS, Sass(with or without Scss), Less\r\n - Optional: PostCSS\r\n\r\nServer:\r\n - Database: MongoDB\r\n\r\n## Project Structure\r\n\r\n#### MVC Structure\r\n\r\n```\r\n├── gulp_tasks              - Gulp task functions, split by functionality: styles.js, server.js, etc.\r\n│\r\n├── public\r\n│   ├── app                 - All of our app specific components go in here\r\n│   │     ├── controllers   - The application specific Angular Controllers\r\n│   │     │\r\n│   │     ├── directives    - The application specific Angular Directives\r\n│   │     │\r\n│   │     ├── services      - The application specific Angular Services and Factories\r\n│   │     │\r\n│   │     └── filters       - The application specific Angular Filters\r\n│   │\r\n│   ├── assets              - Custom assets: styles, images\r\n│   │    ├── images         - Project related images\r\n│   │    └── styles         - Style collection for the project\r\n│   ├── template            - Template components: layout, header, footer, etc.\r\n│   │\r\n│   ├── partials            - Partials\r\n│   │\r\n│   └── vendor              - Vendor components: Bower installs\r\n│\r\n│\r\n└── server\r\n    ├── config              - Environment configuration folder\r\n    │\r\n    ├── controllers         - Server controllers\r\n    │\r\n    ├── models              - Server models (mongoose schemas, object models)\r\n    │\r\n    └── views               - Server rendered views\r\n```\r\n\r\n#### Modular Structure\r\n```\r\n├── gulp_tasks              - Gulp task functions, split by functionality: styles.js, server.js, etc.\r\n│\r\n├── public\r\n│   ├── app                 - All of our app specific components go in here\r\n│   │     └── Home          - Client application module that contains the controller, \r\n│   │                         services and all the other elements specific to this module\r\n│   │\r\n│   ├── assets              - Custom assets: styles, images\r\n│   │    ├── images         - Project related images\r\n│   │    └── styles         - Style collection for the project\r\n│   ├── template            - Template components: layout, header, footer, etc.\r\n│   │\r\n│   ├── partials            - Partials\r\n│   │\r\n│   └── vendor              - Vendor components: Bower installs\r\n│\r\n│\r\n└── server\r\n    ├── config              - Environment configuration folder\r\n    │\r\n    └── Public              - Client application module that contains the controller,\r\n                              models and all the other elements specific to this module\r\n```\r\n\r\nMore information about the structures available can be found on our [wiki page](https://github.com/bogdandorca/generator-meanly/wiki/Project-Structure).\r\n\r\n## Version 0.4.0 (Alpha)\r\n\r\nAs this generator is currently in Alpha stage, it is not recommended for it\'s use for a stable system.\r\n\r\nIt is encouraged to contribute with ideas and solutions.\r\n\r\nMore information about the project\'s versions can be found on our [wiki page](https://github.com/bogdandorca/generator-meanly/wiki/History).\r\n',
17 silly publish   readmeFilename: 'README.md',
17 silly publish   gitHead: 'ef9dfe0ef4143f86338227875541acc1f25cb96f',
17 silly publish   _id: 'generator-meanly@0.4.0',
17 silly publish   _shasum: '14a44a2a27d5eb57ada066acc9328dbf7b631e95',
17 silly publish   _from: '.' }
18 verbose getPublishConfig undefined
19 silly mapToRegistry name generator-meanly
20 silly mapToRegistry using default registry
21 silly mapToRegistry registry https://registry.npmjs.org/
22 silly mapToRegistry uri https://registry.npmjs.org/generator-meanly
23 verbose publish registryBase https://registry.npmjs.org/
24 silly publish uploading C:\Users\bdorca\AppData\Roaming\npm-cache\generator-meanly\0.4.0\package.tgz
25 verbose request uri https://registry.npmjs.org/generator-meanly
26 verbose request sending authorization for write operation
27 info attempt registry request try #1 at 10:25:04 AM
28 verbose request using bearer token for auth
29 verbose request id 36750385008a0763
30 http request PUT https://registry.npmjs.org/generator-meanly
31 http 403 https://registry.npmjs.org/generator-meanly
32 verbose headers { 'content-type': 'application/json',
32 verbose headers   'cache-control': 'max-age=60',
32 verbose headers   'content-length': '95',
32 verbose headers   'accept-ranges': 'bytes',
32 verbose headers   date: 'Mon, 02 Nov 2015 08:25:06 GMT',
32 verbose headers   via: '1.1 varnish',
32 verbose headers   connection: 'keep-alive',
32 verbose headers   'x-served-by': 'cache-fra1230-FRA',
32 verbose headers   'x-cache': 'MISS',
32 verbose headers   'x-cache-hits': '0',
32 verbose headers   'x-timer': 'S1446452704.893764,VS0,VE1322' }
33 verbose request invalidating C:\Users\bdorca\AppData\Roaming\npm-cache\registry.npmjs.org\generator-meanly on PUT
34 error publish Failed PUT 403
35 verbose stack Error: "You cannot publish over the previously published version 0.4.0." : generator-meanly
35 verbose stack     at makeError (C:\Program Files\nodejs\node_modules\npm\node_modules\npm-registry-client\lib\request.js:263:12)
35 verbose stack     at CachingRegistryClient.<anonymous> (C:\Program Files\nodejs\node_modules\npm\node_modules\npm-registry-client\lib\request.js:251:14)
35 verbose stack     at Request._callback (C:\Program Files\nodejs\node_modules\npm\node_modules\npm-registry-client\lib\request.js:171:14)
35 verbose stack     at Request.self.callback (C:\Program Files\nodejs\node_modules\npm\node_modules\request\request.js:198:22)
35 verbose stack     at emitTwo (events.js:87:13)
35 verbose stack     at Request.emit (events.js:172:7)
35 verbose stack     at Request.<anonymous> (C:\Program Files\nodejs\node_modules\npm\node_modules\request\request.js:1073:14)
35 verbose stack     at emitOne (events.js:82:20)
35 verbose stack     at Request.emit (events.js:169:7)
35 verbose stack     at IncomingMessage.<anonymous> (C:\Program Files\nodejs\node_modules\npm\node_modules\request\request.js:1019:12)
36 verbose statusCode 403
37 verbose pkgid generator-meanly
38 verbose cwd D:\personal\generator-meanly
39 error Windows_NT 6.3.9600
40 error argv "C:\\Program Files\\nodejs\\node.exe" "C:\\Program Files\\nodejs\\node_modules\\npm\\bin\\npm-cli.js" "publish"
41 error node v4.0.0
42 error npm  v2.14.2
43 error code E403
44 error "You cannot publish over the previously published version 0.4.0." : generator-meanly
45 error If you need help, you may report this error at:
45 error     <https://github.com/npm/npm/issues>
46 verbose exit [ 1, true ]
